<?xml version="1.0" encoding="UTF-8"?>
<testsuite xmlns:xsi="http://www.w3.org/2001/XMLSchema-instance" xsi:noNamespaceSchemaLocation="https://maven.apache.org/surefire/maven-surefire-plugin/xsd/surefire-test-report-3.0.xsd" version="3.0" name="dao.CreerEmploieEnsTest" time="0.021" tests="2" errors="0" skipped="0" failures="0">
  <properties>
[...]
</properties>
  <testcase name="testSaveEmploi_Success" classname="dao.CreerEmploieEnsTest" time="0.01"/>
  <testcase name="testSaveEmploi_Failure_NullConnection" classname="dao.CreerEmploieEnsTest" time="0.009">
    <system-out><![CDATA[Connexion nulle !
]]></system-out>
  </testcase>
</testsuite>